<?xml version="1.0" encoding="UTF-8"?>
<!-- Generated by org.testng.reporters.JUnitXMLReporter -->
<testsuite hostname="Tatianas-MacBook-Air.local" ignored="0" name="Safari" tests="1" failures="1" timestamp="01 Aug 2017 20:38:48 GMT" time="41.85" errors="0">
  <testcase name="Test" time="32.244" classname="com.upload.file.UploadFile_Safari">
    <failure type="org.openqa.selenium.ElementNotVisibleException" message="An element command could not be completed because the element is not visible on the page. (WARNING: The server did not provide any stacktrace information)
Command duration or timeout: 10 milliseconds
Build info: version: &amp;apos;3.4.0&amp;apos;, revision: &amp;apos;unknown&amp;apos;, time: &amp;apos;unknown&amp;apos;
System info: host: &amp;apos;Tatianas-MacBook-Air.local&amp;apos;, ip: &amp;apos;2601:58c:c102:2d10:0:0:0:5&amp;apos;, os.name: &amp;apos;Mac OS X&amp;apos;, os.arch: &amp;apos;x86_64&amp;apos;, os.version: &amp;apos;10.12.5&amp;apos;, java.version: &amp;apos;1.8.0_74&amp;apos;
Driver info: org.openqa.selenium.safari.SafariDriver
Capabilities [{applicationCacheEnabled=true, rotatable=false, databaseEnabled=true, handlesAlerts=true, version=12603.2.4, cleanSession=true, platform=MAC, nativeEvents=true, locationContextEnabled=false, webStorageEnabled=true, browserName=safari, javascriptEnabled=true, platformName=macOS, cssSelectorsEnabled=true}]
Session ID: 1C2279D5-C5BC-4521-88F9-1BB74678FD3B">
      <![CDATA[org.openqa.selenium.ElementNotVisibleException: An element command could not be completed because the element is not visible on the page. (WARNING: The server did not provide any stacktrace information)
Command duration or timeout: 10 milliseconds
Build info: version: '3.4.0', revision: 'unknown', time: 'unknown'
System info: host: 'Tatianas-MacBook-Air.local', ip: '2601:58c:c102:2d10:0:0:0:5', os.name: 'Mac OS X', os.arch: 'x86_64', os.version: '10.12.5', java.version: '1.8.0_74'
Driver info: org.openqa.selenium.safari.SafariDriver
Capabilities [{applicationCacheEnabled=true, rotatable=false, databaseEnabled=true, handlesAlerts=true, version=12603.2.4, cleanSession=true, platform=MAC, nativeEvents=true, locationContextEnabled=false, webStorageEnabled=true, browserName=safari, javascriptEnabled=true, platformName=macOS, cssSelectorsEnabled=true}]
Session ID: 1C2279D5-C5BC-4521-88F9-1BB74678FD3B
	at org.openqa.selenium.remote.ErrorHandler.createThrowable(ErrorHandler.java:215)
	at org.openqa.selenium.remote.ErrorHandler.throwIfResponseFailed(ErrorHandler.java:167)
	at org.openqa.selenium.remote.RemoteWebDriver.execute(RemoteWebDriver.java:671)
	at org.openqa.selenium.remote.RemoteWebElement.execute(RemoteWebElement.java:272)
	at org.openqa.selenium.remote.RemoteWebElement.sendKeys(RemoteWebElement.java:96)
	at com.upload.file.UploadFile_Safari.Test(UploadFile_Safari.java:75)
... Removed 32 stack frames]]>
    </failure>
  </testcase> <!-- Test -->
</testsuite> <!-- Safari -->
