<?xml version="1.0" encoding="UTF-8"?>
<!-- Generated by org.testng.reporters.JUnitXMLReporter -->
<testsuite hostname="Tatianas-MacBook-Air.local" ignored="0" name="CHROME" tests="1" failures="1" timestamp="01 Aug 2017 20:26:17 GMT" time="53.562" errors="0">
  <testcase name="Test" time="42.768" classname="com.upload.file.UploadFile_Chrome">
    <failure type="java.lang.AssertionError" message="expected [true] but found [false]">
      <![CDATA[java.lang.AssertionError: expected [true] but found [false]
	at com.upload.file.UploadFile_Chrome.Test(UploadFile_Chrome.java:159)
... Removed 32 stack frames]]>
    </failure>
  </testcase> <!-- Test -->
</testsuite> <!-- CHROME -->
